[ INFO ] [2019-09-07 21:49:52] org.springframework.context.annotation.AnnotationConfigApplicationContext [582] - Refreshing org.springframework.context.annotation.AnnotationConfigApplicationContext@4c60d6e9: startup date [Sat Sep 07 21:49:52 CST 2019]; root of context hierarchy
[ INFO ] [2019-09-07 21:49:53] org.springframework.beans.factory.annotation.AutowiredAnnotationBeanPostProcessor [155] - JSR-330 'javax.inject.Inject' annotation found and supported for autowiring
[ INFO ] [2019-09-07 21:49:53] org.springframework.context.support.PostProcessorRegistrationDelegate$BeanPostProcessorChecker [325] - Bean 'configurationPropertiesRebinderAutoConfiguration' of type [org.springframework.cloud.autoconfigure.ConfigurationPropertiesRebinderAutoConfiguration$$EnhancerBySpringCGLIB$$ad8450ec] is not eligible for getting processed by all BeanPostProcessors (for example: not eligible for auto-proxying)
[ INFO ] [2019-09-07 21:49:57] com.iiit.train.springcloud.Application [637] - No active profile set, falling back to default profiles: default
[ INFO ] [2019-09-07 21:49:57] org.springframework.boot.context.embedded.AnnotationConfigEmbeddedWebApplicationContext [582] - Refreshing org.springframework.boot.context.embedded.AnnotationConfigEmbeddedWebApplicationContext@3ce3db41: startup date [Sat Sep 07 21:49:57 CST 2019]; parent: org.springframework.context.annotation.AnnotationConfigApplicationContext@4c60d6e9
[ INFO ] [2019-09-07 21:49:58] org.springframework.cloud.context.scope.GenericScope [263] - BeanFactory id=4638c83c-637f-3c78-a131-b8193c6e8b88
[ INFO ] [2019-09-07 21:49:58] org.springframework.beans.factory.annotation.AutowiredAnnotationBeanPostProcessor [155] - JSR-330 'javax.inject.Inject' annotation found and supported for autowiring
[ INFO ] [2019-09-07 21:49:58] org.springframework.context.support.PostProcessorRegistrationDelegate$BeanPostProcessorChecker [325] - Bean 'com.iiit.train.springcloud.product.service.UserService' of type [org.springframework.cloud.netflix.feign.FeignClientFactoryBean] is not eligible for getting processed by all BeanPostProcessors (for example: not eligible for auto-proxying)
[ INFO ] [2019-09-07 21:49:59] org.springframework.context.support.PostProcessorRegistrationDelegate$BeanPostProcessorChecker [325] - Bean 'org.springframework.cloud.sleuth.instrument.async.AsyncDefaultAutoConfiguration$DefaultAsyncConfigurerSupport' of type [org.springframework.cloud.sleuth.instrument.async.AsyncDefaultAutoConfiguration$DefaultAsyncConfigurerSupport$$EnhancerBySpringCGLIB$$ceabebb2] is not eligible for getting processed by all BeanPostProcessors (for example: not eligible for auto-proxying)
[ INFO ] [2019-09-07 21:49:59] org.springframework.context.support.PostProcessorRegistrationDelegate$BeanPostProcessorChecker [325] - Bean 'org.springframework.cloud.sleuth.annotation.SleuthAnnotationAutoConfiguration' of type [org.springframework.cloud.sleuth.annotation.SleuthAnnotationAutoConfiguration$$EnhancerBySpringCGLIB$$93cf9421] is not eligible for getting processed by all BeanPostProcessors (for example: not eligible for auto-proxying)
[ INFO ] [2019-09-07 21:49:59] org.springframework.context.support.PostProcessorRegistrationDelegate$BeanPostProcessorChecker [325] - Bean 'sleuthAdvisorConfig' of type [org.springframework.cloud.sleuth.annotation.SleuthAdvisorConfig] is not eligible for getting processed by all BeanPostProcessors (for example: not eligible for auto-proxying)
[ INFO ] [2019-09-07 21:49:59] org.springframework.context.support.PostProcessorRegistrationDelegate$BeanPostProcessorChecker [325] - Bean 'org.springframework.transaction.annotation.ProxyTransactionManagementConfiguration' of type [org.springframework.transaction.annotation.ProxyTransactionManagementConfiguration$$EnhancerBySpringCGLIB$$916a4def] is not eligible for getting processed by all BeanPostProcessors (for example: not eligible for auto-proxying)
[ INFO ] [2019-09-07 21:49:59] org.springframework.context.support.PostProcessorRegistrationDelegate$BeanPostProcessorChecker [325] - Bean 'org.springframework.cloud.autoconfigure.ConfigurationPropertiesRebinderAutoConfiguration' of type [org.springframework.cloud.autoconfigure.ConfigurationPropertiesRebinderAutoConfiguration$$EnhancerBySpringCGLIB$$ad8450ec] is not eligible for getting processed by all BeanPostProcessors (for example: not eligible for auto-proxying)
[ INFO ] [2019-09-07 21:49:59] org.springframework.context.support.PostProcessorRegistrationDelegate$BeanPostProcessorChecker [325] - Bean 'org.springframework.cloud.sleuth.instrument.web.client.feign.TraceFeignClientAutoConfiguration$FeignBeanPostProcessorConfiguration' of type [org.springframework.cloud.sleuth.instrument.web.client.feign.TraceFeignClientAutoConfiguration$FeignBeanPostProcessorConfiguration$$EnhancerBySpringCGLIB$$d0fc26b5] is not eligible for getting processed by all BeanPostProcessors (for example: not eligible for auto-proxying)
[ INFO ] [2019-09-07 21:49:59] org.springframework.context.support.PostProcessorRegistrationDelegate$BeanPostProcessorChecker [325] - Bean 'org.springframework.cloud.sleuth.instrument.async.AsyncDefaultAutoConfiguration' of type [org.springframework.cloud.sleuth.instrument.async.AsyncDefaultAutoConfiguration$$EnhancerBySpringCGLIB$$794dfa0e] is not eligible for getting processed by all BeanPostProcessors (for example: not eligible for auto-proxying)
[ INFO ] [2019-09-07 21:50:00] org.springframework.boot.context.embedded.tomcat.TomcatEmbeddedServletContainer [89] - Tomcat initialized with port(s): 2200 (http)
[ INFO ] [2019-09-07 21:50:00] org.apache.catalina.core.StandardService [179] - Starting service Tomcat
[ INFO ] [2019-09-07 21:50:00] org.apache.catalina.core.StandardEngine [179] - Starting Servlet Engine: Apache Tomcat/8.5.11
[ INFO ] [2019-09-07 21:50:01] org.apache.catalina.core.ContainerBase.[Tomcat].[localhost].[/] [179] - Initializing Spring embedded WebApplicationContext
[ INFO ] [2019-09-07 21:50:01] org.springframework.web.context.ContextLoader [276] - Root WebApplicationContext: initialization completed in 3756 ms
[ INFO ] [2019-09-07 21:50:01] org.springframework.boot.web.servlet.FilterRegistrationBean [258] - Mapping filter: 'characterEncodingFilter' to: [/*]
[ INFO ] [2019-09-07 21:50:01] org.springframework.boot.web.servlet.FilterRegistrationBean [258] - Mapping filter: 'traceFilter' to: [/*]
[ INFO ] [2019-09-07 21:50:01] org.springframework.boot.web.servlet.FilterRegistrationBean [258] - Mapping filter: 'hiddenHttpMethodFilter' to: [/*]
[ INFO ] [2019-09-07 21:50:01] org.springframework.boot.web.servlet.FilterRegistrationBean [258] - Mapping filter: 'httpPutFormContentFilter' to: [/*]
[ INFO ] [2019-09-07 21:50:01] org.springframework.boot.web.servlet.FilterRegistrationBean [258] - Mapping filter: 'requestContextFilter' to: [/*]
[ INFO ] [2019-09-07 21:50:01] org.springframework.boot.web.servlet.ServletRegistrationBean [190] - Mapping servlet: 'dispatcherServlet' to [/]
[ INFO ] [2019-09-07 21:50:02] org.springframework.jdbc.datasource.init.ScriptUtils [442] - Executing SQL script from URL [file:/E:/Eclipse/Eclipse-iiit-train-springcloud/iiit-train-springcloud/130--sleuth/product-service/target/classes/schema.sql]
[ INFO ] [2019-09-07 21:50:02] org.springframework.jdbc.datasource.init.ScriptUtils [508] - Executed SQL script from URL [file:/E:/Eclipse/Eclipse-iiit-train-springcloud/iiit-train-springcloud/130--sleuth/product-service/target/classes/schema.sql] in 77 ms.
[ INFO ] [2019-09-07 21:50:02] org.springframework.jdbc.datasource.init.ScriptUtils [442] - Executing SQL script from URL [file:/E:/Eclipse/Eclipse-iiit-train-springcloud/iiit-train-springcloud/130--sleuth/product-service/target/classes/data.sql]
[ INFO ] [2019-09-07 21:50:02] org.springframework.jdbc.datasource.init.ScriptUtils [508] - Executed SQL script from URL [file:/E:/Eclipse/Eclipse-iiit-train-springcloud/iiit-train-springcloud/130--sleuth/product-service/target/classes/data.sql] in 32 ms.
[ INFO ] [2019-09-07 21:50:03] org.springframework.orm.jpa.LocalContainerEntityManagerFactoryBean [349] - Building JPA container EntityManagerFactory for persistence unit 'default'
[ INFO ] [2019-09-07 21:50:03] org.hibernate.jpa.internal.util.LogHelper [31] - HHH000204: Processing PersistenceUnitInfo [
	name: default
	...]
[ INFO ] [2019-09-07 21:50:03] org.hibernate.Version [37] - HHH000412: Hibernate Core {5.0.12.Final}
[ INFO ] [2019-09-07 21:50:03] org.hibernate.cfg.Environment [213] - HHH000206: hibernate.properties not found
[ INFO ] [2019-09-07 21:50:03] org.hibernate.cfg.Environment [317] - HHH000021: Bytecode provider name : javassist
[ INFO ] [2019-09-07 21:50:03] org.hibernate.annotations.common.Version [66] - HCANN000001: Hibernate Commons Annotations {5.0.1.Final}
[ INFO ] [2019-09-07 21:50:03] org.hibernate.dialect.Dialect [156] - HHH000400: Using dialect: org.hibernate.dialect.H2Dialect
[ INFO ] [2019-09-07 21:50:04] org.springframework.orm.jpa.LocalContainerEntityManagerFactoryBean [379] - Initialized JPA EntityManagerFactory for persistence unit 'default'
[ INFO ] [2019-09-07 21:50:05] org.springframework.context.annotation.AnnotationConfigApplicationContext [582] - Refreshing org.springframework.context.annotation.AnnotationConfigApplicationContext@3245efdb: startup date [Sat Sep 07 21:50:05 CST 2019]; parent: org.springframework.boot.context.embedded.AnnotationConfigEmbeddedWebApplicationContext@3ce3db41
[ INFO ] [2019-09-07 21:50:05] org.springframework.beans.factory.annotation.AutowiredAnnotationBeanPostProcessor [155] - JSR-330 'javax.inject.Inject' annotation found and supported for autowiring
[ WARN ] [2019-09-07 21:50:07] com.netflix.config.sources.URLConfigurationSource [121] - No URLs will be polled as dynamic configuration sources.
[ INFO ] [2019-09-07 21:50:07] com.netflix.config.sources.URLConfigurationSource [122] - To enable URLs as dynamic configuration sources, define System property archaius.configurationSource.additionalUrls or make config.properties available on classpath.
[ WARN ] [2019-09-07 21:50:07] com.netflix.config.sources.URLConfigurationSource [121] - No URLs will be polled as dynamic configuration sources.
[ INFO ] [2019-09-07 21:50:07] com.netflix.config.sources.URLConfigurationSource [122] - To enable URLs as dynamic configuration sources, define System property archaius.configurationSource.additionalUrls or make config.properties available on classpath.
[ INFO ] [2019-09-07 21:50:07] org.springframework.web.servlet.mvc.method.annotation.RequestMappingHandlerAdapter [534] - Looking for @ControllerAdvice: org.springframework.boot.context.embedded.AnnotationConfigEmbeddedWebApplicationContext@3ce3db41: startup date [Sat Sep 07 21:49:57 CST 2019]; parent: org.springframework.context.annotation.AnnotationConfigApplicationContext@4c60d6e9
[ INFO ] [2019-09-07 21:50:08] org.springframework.web.servlet.mvc.method.annotation.RequestMappingHandlerMapping [543] - Mapped "{[/products],methods=[GET]}" onto public java.util.List<com.iiit.train.springcloud.product.entity.Product> com.iiit.train.springcloud.product.api.ProductEndpoint.list()
[ INFO ] [2019-09-07 21:50:08] org.springframework.web.servlet.mvc.method.annotation.RequestMappingHandlerMapping [543] - Mapped "{[/products/{id}/comments],methods=[GET]}" onto public java.util.List<com.iiit.train.springcloud.product.api.ProductCommentDto> com.iiit.train.springcloud.product.api.ProductEndpoint.comments(java.lang.Long)
[ INFO ] [2019-09-07 21:50:08] org.springframework.web.servlet.mvc.method.annotation.RequestMappingHandlerMapping [543] - Mapped "{[/products/{id}],methods=[GET]}" onto public com.iiit.train.springcloud.product.entity.Product com.iiit.train.springcloud.product.api.ProductEndpoint.detail(java.lang.Long)
[ INFO ] [2019-09-07 21:50:08] org.springframework.web.servlet.mvc.method.annotation.RequestMappingHandlerMapping [543] - Mapped "{[/error]}" onto public org.springframework.http.ResponseEntity<java.util.Map<java.lang.String, java.lang.Object>> org.springframework.boot.autoconfigure.web.BasicErrorController.error(javax.servlet.http.HttpServletRequest)
[ INFO ] [2019-09-07 21:50:08] org.springframework.web.servlet.mvc.method.annotation.RequestMappingHandlerMapping [543] - Mapped "{[/error],produces=[text/html]}" onto public org.springframework.web.servlet.ModelAndView org.springframework.boot.autoconfigure.web.BasicErrorController.errorHtml(javax.servlet.http.HttpServletRequest,javax.servlet.http.HttpServletResponse)
[ INFO ] [2019-09-07 21:50:08] org.springframework.web.servlet.handler.SimpleUrlHandlerMapping [362] - Mapped URL path [/webjars/**] onto handler of type [class org.springframework.web.servlet.resource.ResourceHttpRequestHandler]
[ INFO ] [2019-09-07 21:50:08] org.springframework.web.servlet.handler.SimpleUrlHandlerMapping [362] - Mapped URL path [/**] onto handler of type [class org.springframework.web.servlet.resource.ResourceHttpRequestHandler]
[ INFO ] [2019-09-07 21:50:08] org.springframework.web.servlet.handler.SimpleUrlHandlerMapping [362] - Mapped URL path [/**/favicon.ico] onto handler of type [class org.springframework.web.servlet.resource.ResourceHttpRequestHandler]
[ INFO ] [2019-09-07 21:50:10] org.springframework.scheduling.concurrent.ThreadPoolTaskScheduler [165] - Initializing ExecutorService 
[ INFO ] [2019-09-07 21:50:10] org.springframework.jmx.export.annotation.AnnotationMBeanExporter [431] - Registering beans for JMX exposure on startup
[ INFO ] [2019-09-07 21:50:10] org.springframework.jmx.export.annotation.AnnotationMBeanExporter [916] - Bean with name 'environmentManager' has been autodetected for JMX exposure
[ INFO ] [2019-09-07 21:50:10] org.springframework.jmx.export.annotation.AnnotationMBeanExporter [916] - Bean with name 'configurationPropertiesRebinder' has been autodetected for JMX exposure
[ INFO ] [2019-09-07 21:50:10] org.springframework.jmx.export.annotation.AnnotationMBeanExporter [916] - Bean with name 'refreshScope' has been autodetected for JMX exposure
[ INFO ] [2019-09-07 21:50:10] org.springframework.jmx.export.annotation.AnnotationMBeanExporter [678] - Located managed bean 'environmentManager': registering with JMX server as MBean [org.springframework.cloud.context.environment:name=environmentManager,type=EnvironmentManager]
[ INFO ] [2019-09-07 21:50:10] org.springframework.jmx.export.annotation.AnnotationMBeanExporter [678] - Located managed bean 'refreshScope': registering with JMX server as MBean [org.springframework.cloud.context.scope.refresh:name=refreshScope,type=RefreshScope]
[ INFO ] [2019-09-07 21:50:10] org.springframework.jmx.export.annotation.AnnotationMBeanExporter [678] - Located managed bean 'configurationPropertiesRebinder': registering with JMX server as MBean [org.springframework.cloud.context.properties:name=configurationPropertiesRebinder,context=3ce3db41,type=ConfigurationPropertiesRebinder]
[ INFO ] [2019-09-07 21:50:10] org.springframework.context.support.DefaultLifecycleProcessor [343] - Starting beans in phase 0
[ INFO ] [2019-09-07 21:50:10] org.springframework.cloud.netflix.eureka.InstanceInfoFactory [70] - Setting initial instance status as: STARTING
[ INFO ] [2019-09-07 21:50:10] com.netflix.discovery.DiscoveryClient [344] - Initializing Eureka in region us-east-1
[ INFO ] [2019-09-07 21:50:11] com.netflix.discovery.provider.DiscoveryJerseyProvider [70] - Using JSON encoding codec LegacyJacksonJson
[ INFO ] [2019-09-07 21:50:11] com.netflix.discovery.provider.DiscoveryJerseyProvider [71] - Using JSON decoding codec LegacyJacksonJson
[ INFO ] [2019-09-07 21:50:11] com.netflix.discovery.provider.DiscoveryJerseyProvider [80] - Using XML encoding codec XStreamXml
[ INFO ] [2019-09-07 21:50:11] com.netflix.discovery.provider.DiscoveryJerseyProvider [81] - Using XML decoding codec XStreamXml
[ INFO ] [2019-09-07 21:50:11] com.netflix.discovery.shared.resolver.aws.ConfigClusterResolver [43] - Resolving eureka endpoints via configuration
[ INFO ] [2019-09-07 21:50:12] com.netflix.discovery.DiscoveryClient [920] - Disable delta property : false
[ INFO ] [2019-09-07 21:50:12] com.netflix.discovery.DiscoveryClient [921] - Single vip registry refresh property : null
[ INFO ] [2019-09-07 21:50:12] com.netflix.discovery.DiscoveryClient [922] - Force full registry fetch : false
[ INFO ] [2019-09-07 21:50:12] com.netflix.discovery.DiscoveryClient [923] - Application is null : false
[ INFO ] [2019-09-07 21:50:12] com.netflix.discovery.DiscoveryClient [924] - Registered Applications size is zero : true
[ INFO ] [2019-09-07 21:50:12] com.netflix.discovery.DiscoveryClient [926] - Application version is -1: true
[ INFO ] [2019-09-07 21:50:12] com.netflix.discovery.DiscoveryClient [1009] - Getting all instance registry info from the eureka server
[ INFO ] [2019-09-07 21:50:12] com.netflix.discovery.DiscoveryClient [1018] - The response status is 200
[ INFO ] [2019-09-07 21:50:12] com.netflix.discovery.DiscoveryClient [1244] - Starting heartbeat executor: renew interval is: 30
[ INFO ] [2019-09-07 21:50:12] com.netflix.discovery.InstanceInfoReplicator [59] - InstanceInfoReplicator onDemand update allowed rate per min is 4
[ INFO ] [2019-09-07 21:50:12] com.netflix.discovery.DiscoveryClient [425] - Discovery Client initialized at timestamp 1567864212569 with initial instances count: 1
[ INFO ] [2019-09-07 21:50:12] org.springframework.cloud.netflix.eureka.serviceregistry.EurekaServiceRegistry [40] - Registering application productservice with eureka with status UP
[ INFO ] [2019-09-07 21:50:12] com.netflix.discovery.DiscoveryClient [1279] - Saw local status change event StatusChangeEvent [timestamp=1567864212718, current=UP, previous=STARTING]
[ INFO ] [2019-09-07 21:50:12] com.netflix.discovery.DiscoveryClient [795] - DiscoveryClient_PRODUCTSERVICE/reng-notes:productservice:2200: registering service...
[ INFO ] [2019-09-07 21:50:12] com.netflix.discovery.DiscoveryClient [804] - DiscoveryClient_PRODUCTSERVICE/reng-notes:productservice:2200 - registration status: 204
[ INFO ] [2019-09-07 21:50:12] org.springframework.boot.context.embedded.tomcat.TomcatEmbeddedServletContainer [198] - Tomcat started on port(s): 2200 (http)
[ INFO ] [2019-09-07 21:50:12] org.springframework.cloud.netflix.eureka.serviceregistry.EurekaAutoServiceRegistration [117] - Updating port to 2200
[ INFO ] [2019-09-07 21:50:12] com.iiit.train.springcloud.Application [57] - Started Application in 21.92 seconds (JVM running for 22.598)
[ INFO ] [2019-09-07 21:55:12] com.netflix.discovery.shared.resolver.aws.ConfigClusterResolver [43] - Resolving eureka endpoints via configuration
[ INFO ] [2019-09-07 22:00:12] com.netflix.discovery.shared.resolver.aws.ConfigClusterResolver [43] - Resolving eureka endpoints via configuration
[ INFO ] [2019-09-07 22:05:12] com.netflix.discovery.shared.resolver.aws.ConfigClusterResolver [43] - Resolving eureka endpoints via configuration
