[ INFO ] [2019-04-23 16:56:22] org.springframework.context.annotation.AnnotationConfigApplicationContext [582] - Refreshing org.springframework.context.annotation.AnnotationConfigApplicationContext@4c60d6e9: startup date [Tue Apr 23 16:56:22 CST 2019]; root of context hierarchy
[ INFO ] [2019-04-23 16:56:23] org.springframework.beans.factory.annotation.AutowiredAnnotationBeanPostProcessor [155] - JSR-330 'javax.inject.Inject' annotation found and supported for autowiring
[ INFO ] [2019-04-23 16:56:23] org.springframework.context.support.PostProcessorRegistrationDelegate$BeanPostProcessorChecker [325] - Bean 'configurationPropertiesRebinderAutoConfiguration' of type [org.springframework.cloud.autoconfigure.ConfigurationPropertiesRebinderAutoConfiguration$$EnhancerBySpringCGLIB$$5d71a763] is not eligible for getting processed by all BeanPostProcessors (for example: not eligible for auto-proxying)
[ INFO ] [2019-04-23 16:56:27] com.iiit.train.springcloud.Application [637] - No active profile set, falling back to default profiles: default
[ INFO ] [2019-04-23 16:56:27] org.springframework.boot.context.embedded.AnnotationConfigEmbeddedWebApplicationContext [582] - Refreshing org.springframework.boot.context.embedded.AnnotationConfigEmbeddedWebApplicationContext@51850751: startup date [Tue Apr 23 16:56:27 CST 2019]; parent: org.springframework.context.annotation.AnnotationConfigApplicationContext@4c60d6e9
[ INFO ] [2019-04-23 16:56:29] org.springframework.cloud.context.scope.GenericScope [263] - BeanFactory id=4638c83c-637f-3c78-a131-b8193c6e8b88
[ INFO ] [2019-04-23 16:56:29] org.springframework.beans.factory.annotation.AutowiredAnnotationBeanPostProcessor [155] - JSR-330 'javax.inject.Inject' annotation found and supported for autowiring
[ INFO ] [2019-04-23 16:56:29] org.springframework.context.support.PostProcessorRegistrationDelegate$BeanPostProcessorChecker [325] - Bean 'com.iiit.train.springcloud.product.service.UserService' of type [org.springframework.cloud.netflix.feign.FeignClientFactoryBean] is not eligible for getting processed by all BeanPostProcessors (for example: not eligible for auto-proxying)
[ INFO ] [2019-04-23 16:56:29] org.springframework.context.support.PostProcessorRegistrationDelegate$BeanPostProcessorChecker [325] - Bean 'org.springframework.cloud.sleuth.instrument.async.AsyncDefaultAutoConfiguration$DefaultAsyncConfigurerSupport' of type [org.springframework.cloud.sleuth.instrument.async.AsyncDefaultAutoConfiguration$DefaultAsyncConfigurerSupport$$EnhancerBySpringCGLIB$$7e994229] is not eligible for getting processed by all BeanPostProcessors (for example: not eligible for auto-proxying)
[ INFO ] [2019-04-23 16:56:29] org.springframework.context.support.PostProcessorRegistrationDelegate$BeanPostProcessorChecker [325] - Bean 'org.springframework.cloud.sleuth.annotation.SleuthAnnotationAutoConfiguration' of type [org.springframework.cloud.sleuth.annotation.SleuthAnnotationAutoConfiguration$$EnhancerBySpringCGLIB$$43bcea98] is not eligible for getting processed by all BeanPostProcessors (for example: not eligible for auto-proxying)
[ INFO ] [2019-04-23 16:56:29] org.springframework.context.support.PostProcessorRegistrationDelegate$BeanPostProcessorChecker [325] - Bean 'sleuthAdvisorConfig' of type [org.springframework.cloud.sleuth.annotation.SleuthAdvisorConfig] is not eligible for getting processed by all BeanPostProcessors (for example: not eligible for auto-proxying)
[ INFO ] [2019-04-23 16:56:29] org.springframework.context.support.PostProcessorRegistrationDelegate$BeanPostProcessorChecker [325] - Bean 'org.springframework.transaction.annotation.ProxyTransactionManagementConfiguration' of type [org.springframework.transaction.annotation.ProxyTransactionManagementConfiguration$$EnhancerBySpringCGLIB$$4157a466] is not eligible for getting processed by all BeanPostProcessors (for example: not eligible for auto-proxying)
[ INFO ] [2019-04-23 16:56:29] org.springframework.context.support.PostProcessorRegistrationDelegate$BeanPostProcessorChecker [325] - Bean 'org.springframework.cloud.autoconfigure.ConfigurationPropertiesRebinderAutoConfiguration' of type [org.springframework.cloud.autoconfigure.ConfigurationPropertiesRebinderAutoConfiguration$$EnhancerBySpringCGLIB$$5d71a763] is not eligible for getting processed by all BeanPostProcessors (for example: not eligible for auto-proxying)
[ INFO ] [2019-04-23 16:56:29] org.springframework.context.support.PostProcessorRegistrationDelegate$BeanPostProcessorChecker [325] - Bean 'org.springframework.cloud.sleuth.instrument.web.client.feign.TraceFeignClientAutoConfiguration$FeignBeanPostProcessorConfiguration' of type [org.springframework.cloud.sleuth.instrument.web.client.feign.TraceFeignClientAutoConfiguration$FeignBeanPostProcessorConfiguration$$EnhancerBySpringCGLIB$$80e97d2c] is not eligible for getting processed by all BeanPostProcessors (for example: not eligible for auto-proxying)
[ INFO ] [2019-04-23 16:56:29] org.springframework.context.support.PostProcessorRegistrationDelegate$BeanPostProcessorChecker [325] - Bean 'org.springframework.cloud.sleuth.instrument.async.AsyncDefaultAutoConfiguration' of type [org.springframework.cloud.sleuth.instrument.async.AsyncDefaultAutoConfiguration$$EnhancerBySpringCGLIB$$293b5085] is not eligible for getting processed by all BeanPostProcessors (for example: not eligible for auto-proxying)
[ INFO ] [2019-04-23 16:56:31] org.springframework.boot.context.embedded.tomcat.TomcatEmbeddedServletContainer [89] - Tomcat initialized with port(s): 2200 (http)
[ INFO ] [2019-04-23 16:56:31] org.apache.catalina.core.StandardService [179] - Starting service Tomcat
[ INFO ] [2019-04-23 16:56:31] org.apache.catalina.core.StandardEngine [179] - Starting Servlet Engine: Apache Tomcat/8.5.11
[ INFO ] [2019-04-23 16:56:31] org.apache.catalina.core.ContainerBase.[Tomcat].[localhost].[/] [179] - Initializing Spring embedded WebApplicationContext
[ INFO ] [2019-04-23 16:56:31] org.springframework.web.context.ContextLoader [276] - Root WebApplicationContext: initialization completed in 3908 ms
[ INFO ] [2019-04-23 16:56:31] org.springframework.boot.web.servlet.FilterRegistrationBean [258] - Mapping filter: 'characterEncodingFilter' to: [/*]
[ INFO ] [2019-04-23 16:56:31] org.springframework.boot.web.servlet.FilterRegistrationBean [258] - Mapping filter: 'traceFilter' to: [/*]
[ INFO ] [2019-04-23 16:56:31] org.springframework.boot.web.servlet.FilterRegistrationBean [258] - Mapping filter: 'hiddenHttpMethodFilter' to: [/*]
[ INFO ] [2019-04-23 16:56:31] org.springframework.boot.web.servlet.FilterRegistrationBean [258] - Mapping filter: 'httpPutFormContentFilter' to: [/*]
[ INFO ] [2019-04-23 16:56:31] org.springframework.boot.web.servlet.FilterRegistrationBean [258] - Mapping filter: 'requestContextFilter' to: [/*]
[ INFO ] [2019-04-23 16:56:31] org.springframework.boot.web.servlet.ServletRegistrationBean [190] - Mapping servlet: 'dispatcherServlet' to [/]
[ INFO ] [2019-04-23 16:56:33] org.springframework.jdbc.datasource.init.ScriptUtils [442] - Executing SQL script from URL [file:/E:/Eclipse/Eclipse-iiit-train-springcloud/iiit-train-springcloud/130--sleuth/product-service/target/classes/schema.sql]
[ INFO ] [2019-04-23 16:56:33] org.springframework.jdbc.datasource.init.ScriptUtils [508] - Executed SQL script from URL [file:/E:/Eclipse/Eclipse-iiit-train-springcloud/iiit-train-springcloud/130--sleuth/product-service/target/classes/schema.sql] in 23 ms.
[ INFO ] [2019-04-23 16:56:33] org.springframework.jdbc.datasource.init.ScriptUtils [442] - Executing SQL script from URL [file:/E:/Eclipse/Eclipse-iiit-train-springcloud/iiit-train-springcloud/130--sleuth/product-service/target/classes/data.sql]
[ INFO ] [2019-04-23 16:56:33] org.springframework.jdbc.datasource.init.ScriptUtils [508] - Executed SQL script from URL [file:/E:/Eclipse/Eclipse-iiit-train-springcloud/iiit-train-springcloud/130--sleuth/product-service/target/classes/data.sql] in 18 ms.
[ INFO ] [2019-04-23 16:56:33] org.springframework.orm.jpa.LocalContainerEntityManagerFactoryBean [349] - Building JPA container EntityManagerFactory for persistence unit 'default'
[ INFO ] [2019-04-23 16:56:33] org.hibernate.jpa.internal.util.LogHelper [31] - HHH000204: Processing PersistenceUnitInfo [
	name: default
	...]
[ INFO ] [2019-04-23 16:56:33] org.hibernate.Version [37] - HHH000412: Hibernate Core {5.0.12.Final}
[ INFO ] [2019-04-23 16:56:33] org.hibernate.cfg.Environment [213] - HHH000206: hibernate.properties not found
[ INFO ] [2019-04-23 16:56:33] org.hibernate.cfg.Environment [317] - HHH000021: Bytecode provider name : javassist
[ INFO ] [2019-04-23 16:56:33] org.hibernate.annotations.common.Version [66] - HCANN000001: Hibernate Commons Annotations {5.0.1.Final}
[ INFO ] [2019-04-23 16:56:33] org.hibernate.dialect.Dialect [156] - HHH000400: Using dialect: org.hibernate.dialect.H2Dialect
[ INFO ] [2019-04-23 16:56:34] org.springframework.orm.jpa.LocalContainerEntityManagerFactoryBean [379] - Initialized JPA EntityManagerFactory for persistence unit 'default'
[ INFO ] [2019-04-23 16:56:35] org.springframework.context.annotation.AnnotationConfigApplicationContext [582] - Refreshing org.springframework.context.annotation.AnnotationConfigApplicationContext@3595086b: startup date [Tue Apr 23 16:56:35 CST 2019]; parent: org.springframework.boot.context.embedded.AnnotationConfigEmbeddedWebApplicationContext@51850751
[ INFO ] [2019-04-23 16:56:35] org.springframework.beans.factory.annotation.AutowiredAnnotationBeanPostProcessor [155] - JSR-330 'javax.inject.Inject' annotation found and supported for autowiring
[ WARN ] [2019-04-23 16:56:38] com.netflix.config.sources.URLConfigurationSource [121] - No URLs will be polled as dynamic configuration sources.
[ INFO ] [2019-04-23 16:56:38] com.netflix.config.sources.URLConfigurationSource [122] - To enable URLs as dynamic configuration sources, define System property archaius.configurationSource.additionalUrls or make config.properties available on classpath.
[ WARN ] [2019-04-23 16:56:38] com.netflix.config.sources.URLConfigurationSource [121] - No URLs will be polled as dynamic configuration sources.
[ INFO ] [2019-04-23 16:56:38] com.netflix.config.sources.URLConfigurationSource [122] - To enable URLs as dynamic configuration sources, define System property archaius.configurationSource.additionalUrls or make config.properties available on classpath.
[ INFO ] [2019-04-23 16:56:38] org.springframework.web.servlet.mvc.method.annotation.RequestMappingHandlerAdapter [534] - Looking for @ControllerAdvice: org.springframework.boot.context.embedded.AnnotationConfigEmbeddedWebApplicationContext@51850751: startup date [Tue Apr 23 16:56:27 CST 2019]; parent: org.springframework.context.annotation.AnnotationConfigApplicationContext@4c60d6e9
[ INFO ] [2019-04-23 16:56:38] org.springframework.web.servlet.mvc.method.annotation.RequestMappingHandlerMapping [543] - Mapped "{[/products],methods=[GET]}" onto public java.util.List<com.iiit.train.springcloud.product.entity.Product> com.iiit.train.springcloud.product.api.ProductEndpoint.list()
[ INFO ] [2019-04-23 16:56:38] org.springframework.web.servlet.mvc.method.annotation.RequestMappingHandlerMapping [543] - Mapped "{[/products/{id}/comments],methods=[GET]}" onto public java.util.List<com.iiit.train.springcloud.product.api.ProductCommentDto> com.iiit.train.springcloud.product.api.ProductEndpoint.comments(java.lang.Long)
[ INFO ] [2019-04-23 16:56:38] org.springframework.web.servlet.mvc.method.annotation.RequestMappingHandlerMapping [543] - Mapped "{[/products/{id}],methods=[GET]}" onto public com.iiit.train.springcloud.product.entity.Product com.iiit.train.springcloud.product.api.ProductEndpoint.detail(java.lang.Long)
[ INFO ] [2019-04-23 16:56:38] org.springframework.web.servlet.mvc.method.annotation.RequestMappingHandlerMapping [543] - Mapped "{[/error]}" onto public org.springframework.http.ResponseEntity<java.util.Map<java.lang.String, java.lang.Object>> org.springframework.boot.autoconfigure.web.BasicErrorController.error(javax.servlet.http.HttpServletRequest)
[ INFO ] [2019-04-23 16:56:38] org.springframework.web.servlet.mvc.method.annotation.RequestMappingHandlerMapping [543] - Mapped "{[/error],produces=[text/html]}" onto public org.springframework.web.servlet.ModelAndView org.springframework.boot.autoconfigure.web.BasicErrorController.errorHtml(javax.servlet.http.HttpServletRequest,javax.servlet.http.HttpServletResponse)
[ INFO ] [2019-04-23 16:56:38] org.springframework.web.servlet.handler.SimpleUrlHandlerMapping [362] - Mapped URL path [/webjars/**] onto handler of type [class org.springframework.web.servlet.resource.ResourceHttpRequestHandler]
[ INFO ] [2019-04-23 16:56:38] org.springframework.web.servlet.handler.SimpleUrlHandlerMapping [362] - Mapped URL path [/**] onto handler of type [class org.springframework.web.servlet.resource.ResourceHttpRequestHandler]
[ INFO ] [2019-04-23 16:56:39] org.springframework.web.servlet.handler.SimpleUrlHandlerMapping [362] - Mapped URL path [/**/favicon.ico] onto handler of type [class org.springframework.web.servlet.resource.ResourceHttpRequestHandler]
[ INFO ] [2019-04-23 16:56:41] org.springframework.scheduling.concurrent.ThreadPoolTaskScheduler [165] - Initializing ExecutorService 
[ INFO ] [2019-04-23 16:56:41] org.springframework.jmx.export.annotation.AnnotationMBeanExporter [431] - Registering beans for JMX exposure on startup
[ INFO ] [2019-04-23 16:56:41] org.springframework.jmx.export.annotation.AnnotationMBeanExporter [916] - Bean with name 'environmentManager' has been autodetected for JMX exposure
[ INFO ] [2019-04-23 16:56:41] org.springframework.jmx.export.annotation.AnnotationMBeanExporter [916] - Bean with name 'configurationPropertiesRebinder' has been autodetected for JMX exposure
[ INFO ] [2019-04-23 16:56:41] org.springframework.jmx.export.annotation.AnnotationMBeanExporter [916] - Bean with name 'refreshScope' has been autodetected for JMX exposure
[ INFO ] [2019-04-23 16:56:41] org.springframework.jmx.export.annotation.AnnotationMBeanExporter [678] - Located managed bean 'environmentManager': registering with JMX server as MBean [org.springframework.cloud.context.environment:name=environmentManager,type=EnvironmentManager]
[ INFO ] [2019-04-23 16:56:41] org.springframework.jmx.export.annotation.AnnotationMBeanExporter [678] - Located managed bean 'refreshScope': registering with JMX server as MBean [org.springframework.cloud.context.scope.refresh:name=refreshScope,type=RefreshScope]
[ INFO ] [2019-04-23 16:56:41] org.springframework.jmx.export.annotation.AnnotationMBeanExporter [678] - Located managed bean 'configurationPropertiesRebinder': registering with JMX server as MBean [org.springframework.cloud.context.properties:name=configurationPropertiesRebinder,context=51850751,type=ConfigurationPropertiesRebinder]
[ INFO ] [2019-04-23 16:56:41] org.springframework.context.support.DefaultLifecycleProcessor [343] - Starting beans in phase 0
[ INFO ] [2019-04-23 16:56:41] org.springframework.cloud.netflix.eureka.InstanceInfoFactory [70] - Setting initial instance status as: STARTING
[ INFO ] [2019-04-23 16:56:42] com.netflix.discovery.DiscoveryClient [344] - Initializing Eureka in region us-east-1
[ INFO ] [2019-04-23 16:56:42] com.netflix.discovery.provider.DiscoveryJerseyProvider [70] - Using JSON encoding codec LegacyJacksonJson
[ INFO ] [2019-04-23 16:56:42] com.netflix.discovery.provider.DiscoveryJerseyProvider [71] - Using JSON decoding codec LegacyJacksonJson
[ INFO ] [2019-04-23 16:56:42] com.netflix.discovery.provider.DiscoveryJerseyProvider [80] - Using XML encoding codec XStreamXml
[ INFO ] [2019-04-23 16:56:42] com.netflix.discovery.provider.DiscoveryJerseyProvider [81] - Using XML decoding codec XStreamXml
[ INFO ] [2019-04-23 16:56:43] com.netflix.discovery.shared.resolver.aws.ConfigClusterResolver [43] - Resolving eureka endpoints via configuration
[ INFO ] [2019-04-23 16:56:43] com.netflix.discovery.DiscoveryClient [920] - Disable delta property : false
[ INFO ] [2019-04-23 16:56:43] com.netflix.discovery.DiscoveryClient [921] - Single vip registry refresh property : null
[ INFO ] [2019-04-23 16:56:43] com.netflix.discovery.DiscoveryClient [922] - Force full registry fetch : false
[ INFO ] [2019-04-23 16:56:43] com.netflix.discovery.DiscoveryClient [923] - Application is null : false
[ INFO ] [2019-04-23 16:56:43] com.netflix.discovery.DiscoveryClient [924] - Registered Applications size is zero : true
[ INFO ] [2019-04-23 16:56:43] com.netflix.discovery.DiscoveryClient [926] - Application version is -1: true
[ INFO ] [2019-04-23 16:56:43] com.netflix.discovery.DiscoveryClient [1009] - Getting all instance registry info from the eureka server
[ INFO ] [2019-04-23 16:56:43] com.netflix.discovery.DiscoveryClient [1018] - The response status is 200
[ INFO ] [2019-04-23 16:56:43] com.netflix.discovery.DiscoveryClient [1244] - Starting heartbeat executor: renew interval is: 30
[ INFO ] [2019-04-23 16:56:43] com.netflix.discovery.InstanceInfoReplicator [59] - InstanceInfoReplicator onDemand update allowed rate per min is 4
[ INFO ] [2019-04-23 16:56:43] com.netflix.discovery.DiscoveryClient [425] - Discovery Client initialized at timestamp 1556009803757 with initial instances count: 2
[ INFO ] [2019-04-23 16:56:43] org.springframework.cloud.netflix.eureka.serviceregistry.EurekaServiceRegistry [40] - Registering application productservice with eureka with status UP
[ INFO ] [2019-04-23 16:56:43] com.netflix.discovery.DiscoveryClient [1279] - Saw local status change event StatusChangeEvent [timestamp=1556009803940, current=UP, previous=STARTING]
[ INFO ] [2019-04-23 16:56:43] com.netflix.discovery.DiscoveryClient [795] - DiscoveryClient_PRODUCTSERVICE/reng-notes:productservice:2200: registering service...
[ INFO ] [2019-04-23 16:56:44] com.netflix.discovery.DiscoveryClient [804] - DiscoveryClient_PRODUCTSERVICE/reng-notes:productservice:2200 - registration status: 204
[ INFO ] [2019-04-23 16:56:44] org.springframework.boot.context.embedded.tomcat.TomcatEmbeddedServletContainer [198] - Tomcat started on port(s): 2200 (http)
[ INFO ] [2019-04-23 16:56:44] org.springframework.cloud.netflix.eureka.serviceregistry.EurekaAutoServiceRegistration [117] - Updating port to 2200
[ INFO ] [2019-04-23 16:56:44] com.iiit.train.springcloud.Application [57] - Started Application in 22.888 seconds (JVM running for 23.474)
[ DEBUG] [2019-04-23 16:57:16] org.springframework.web.servlet.DispatcherServlet [118] - Initializing servlet 'dispatcherServlet'
[ INFO ] [2019-04-23 16:57:16] org.apache.catalina.core.ContainerBase.[Tomcat].[localhost].[/] [179] - Initializing Spring FrameworkServlet 'dispatcherServlet'
[ INFO ] [2019-04-23 16:57:16] org.springframework.web.servlet.DispatcherServlet [489] - FrameworkServlet 'dispatcherServlet': initialization started
[ DEBUG] [2019-04-23 16:57:16] org.springframework.web.servlet.DispatcherServlet [504] - Using MultipartResolver [org.springframework.web.multipart.support.StandardServletMultipartResolver@6b3a1151]
[ DEBUG] [2019-04-23 16:57:16] org.springframework.web.servlet.DispatcherServlet [533] - Unable to locate LocaleResolver with name 'localeResolver': using default [org.springframework.web.servlet.i18n.AcceptHeaderLocaleResolver@65df20be]
[ DEBUG] [2019-04-23 16:57:16] org.springframework.web.servlet.DispatcherServlet [555] - Unable to locate ThemeResolver with name 'themeResolver': using default [org.springframework.web.servlet.theme.FixedThemeResolver@e44b3fa]
[ DEBUG] [2019-04-23 16:57:16] org.springframework.web.servlet.DispatcherServlet [692] - Unable to locate RequestToViewNameTranslator with name 'viewNameTranslator': using default [org.springframework.web.servlet.view.DefaultRequestToViewNameTranslator@6695de91]
[ DEBUG] [2019-04-23 16:57:16] org.springframework.web.servlet.DispatcherServlet [753] - Unable to locate FlashMapManager with name 'flashMapManager': using default [org.springframework.web.servlet.support.SessionFlashMapManager@56be1329]
[ DEBUG] [2019-04-23 16:57:16] org.springframework.web.servlet.DispatcherServlet [568] - Published WebApplicationContext of servlet 'dispatcherServlet' as ServletContext attribute with name [org.springframework.web.servlet.FrameworkServlet.CONTEXT.dispatcherServlet]
[ INFO ] [2019-04-23 16:57:16] org.springframework.web.servlet.DispatcherServlet [508] - FrameworkServlet 'dispatcherServlet': initialization completed in 87 ms
[ DEBUG] [2019-04-23 16:57:16] org.springframework.web.servlet.DispatcherServlet [141] - Servlet 'dispatcherServlet' configured successfully
[ DEBUG] [2019-04-23 16:57:16] org.springframework.web.servlet.DispatcherServlet [865] - DispatcherServlet with name 'dispatcherServlet' processing GET request for [/products/3/comments]
[ DEBUG] [2019-04-23 16:57:16] org.springframework.web.servlet.DispatcherServlet [951] - Last-Modified value for [/products/3/comments] is: -1
[ INFO ] [2019-04-23 16:57:17] org.hibernate.hql.internal.QueryTranslatorFactoryInitiator [47] - HHH000397: Using ASTQueryTranslatorFactory
[ INFO ] [2019-04-23 16:57:17] org.springframework.context.annotation.AnnotationConfigApplicationContext [582] - Refreshing org.springframework.context.annotation.AnnotationConfigApplicationContext@7ea2e344: startup date [Tue Apr 23 16:57:17 CST 2019]; parent: org.springframework.boot.context.embedded.AnnotationConfigEmbeddedWebApplicationContext@51850751
[ INFO ] [2019-04-23 16:57:20] org.springframework.beans.factory.annotation.AutowiredAnnotationBeanPostProcessor [155] - JSR-330 'javax.inject.Inject' annotation found and supported for autowiring
[ INFO ] [2019-04-23 16:57:20] com.netflix.config.ChainedDynamicProperty [115] - Flipping property: USERSERVICE.ribbon.ActiveConnectionsLimit to use NEXT property: niws.loadbalancer.availabilityFilteringRule.activeConnectionsLimit = 2147483647
[ INFO ] [2019-04-23 16:57:20] com.netflix.util.concurrent.ShutdownEnabledTimer [58] - Shutdown hook installed for: NFLoadBalancer-PingTimer-USERSERVICE
[ INFO ] [2019-04-23 16:57:20] com.netflix.loadbalancer.BaseLoadBalancer [192] - Client: USERSERVICE instantiated a LoadBalancer: DynamicServerListLoadBalancer:{NFLoadBalancer:name=USERSERVICE,current list of Servers=[],Load balancer stats=Zone stats: {},Server stats: []}ServerList:null
[ INFO ] [2019-04-23 16:57:20] com.netflix.loadbalancer.DynamicServerListLoadBalancer [214] - Using serverListUpdater PollingServerListUpdater
[ INFO ] [2019-04-23 16:57:20] com.netflix.config.ChainedDynamicProperty [115] - Flipping property: USERSERVICE.ribbon.ActiveConnectionsLimit to use NEXT property: niws.loadbalancer.availabilityFilteringRule.activeConnectionsLimit = 2147483647
[ INFO ] [2019-04-23 16:57:20] com.netflix.loadbalancer.DynamicServerListLoadBalancer [150] - DynamicServerListLoadBalancer for client USERSERVICE initialized: DynamicServerListLoadBalancer:{NFLoadBalancer:name=USERSERVICE,current list of Servers=[reng-notes:2100],Load balancer stats=Zone stats: {defaultzone=[Zone:defaultzone;	Instance count:1;	Active connections count: 0;	Circuit breaker tripped count: 0;	Active connections per server: 0.0;]
},Server stats: [[Server:reng-notes:2100;	Zone:defaultZone;	Total Requests:0;	Successive connection failure:0;	Total blackout seconds:0;	Last connection made:Thu Jan 01 08:00:00 CST 1970;	First connection made: Thu Jan 01 08:00:00 CST 1970;	Active Connections:0;	total failure count in last (1000) msecs:0;	average resp time:0.0;	90 percentile resp time:0.0;	95 percentile resp time:0.0;	min resp time:0.0;	max resp time:0.0;	stddev resp time:0.0]
]}ServerList:org.springframework.cloud.netflix.ribbon.eureka.DomainExtractingServerList@35b99da8
[ INFO ] [2019-04-23 16:57:21] com.netflix.config.ChainedDynamicProperty [115] - Flipping property: USERSERVICE.ribbon.ActiveConnectionsLimit to use NEXT property: niws.loadbalancer.availabilityFilteringRule.activeConnectionsLimit = 2147483647
[ DEBUG] [2019-04-23 16:57:22] org.springframework.web.servlet.DispatcherServlet [1044] - Null ModelAndView returned to DispatcherServlet with name 'dispatcherServlet': assuming HandlerAdapter completed request handling
[ DEBUG] [2019-04-23 16:57:22] org.springframework.web.servlet.DispatcherServlet [1000] - Successfully completed request
[ DEBUG] [2019-04-23 16:57:24] org.springframework.web.servlet.DispatcherServlet [865] - DispatcherServlet with name 'dispatcherServlet' processing GET request for [/products/3/comments]
[ DEBUG] [2019-04-23 16:57:24] org.springframework.web.servlet.DispatcherServlet [951] - Last-Modified value for [/products/3/comments] is: -1
[ DEBUG] [2019-04-23 16:57:24] org.springframework.web.servlet.DispatcherServlet [1044] - Null ModelAndView returned to DispatcherServlet with name 'dispatcherServlet': assuming HandlerAdapter completed request handling
[ DEBUG] [2019-04-23 16:57:24] org.springframework.web.servlet.DispatcherServlet [1000] - Successfully completed request
[ DEBUG] [2019-04-23 16:57:32] org.springframework.web.servlet.DispatcherServlet [865] - DispatcherServlet with name 'dispatcherServlet' processing GET request for [/products/3/comments]
[ DEBUG] [2019-04-23 16:57:32] org.springframework.web.servlet.DispatcherServlet [951] - Last-Modified value for [/products/3/comments] is: -1
[ DEBUG] [2019-04-23 16:57:32] org.springframework.web.servlet.DispatcherServlet [1044] - Null ModelAndView returned to DispatcherServlet with name 'dispatcherServlet': assuming HandlerAdapter completed request handling
[ DEBUG] [2019-04-23 16:57:32] org.springframework.web.servlet.DispatcherServlet [1000] - Successfully completed request
[ INFO ] [2019-04-23 17:01:43] com.netflix.discovery.shared.resolver.aws.ConfigClusterResolver [43] - Resolving eureka endpoints via configuration
[ INFO ] [2019-04-23 17:06:43] com.netflix.discovery.shared.resolver.aws.ConfigClusterResolver [43] - Resolving eureka endpoints via configuration
[ ERROR] [2019-04-23 17:06:46] com.netflix.discovery.shared.transport.decorator.RedirectingEurekaHttpClient [91] - Request execution error
com.sun.jersey.api.client.ClientHandlerException: java.net.ConnectException: Connection refused: connect
	at com.sun.jersey.client.apache4.ApacheHttpClient4Handler.handle(ApacheHttpClient4Handler.java:187)
	at com.sun.jersey.api.client.filter.GZIPContentEncodingFilter.handle(GZIPContentEncodingFilter.java:123)
	at com.netflix.discovery.EurekaIdentityHeaderFilter.handle(EurekaIdentityHeaderFilter.java:27)
	at com.sun.jersey.api.client.Client.handle(Client.java:652)
	at com.sun.jersey.api.client.WebResource.handle(WebResource.java:682)
	at com.sun.jersey.api.client.WebResource.access$200(WebResource.java:74)
	at com.sun.jersey.api.client.WebResource$Builder.get(WebResource.java:509)
	at com.netflix.discovery.shared.transport.jersey.AbstractJerseyEurekaHttpClient.getApplicationsInternal(AbstractJerseyEurekaHttpClient.java:194)
	at com.netflix.discovery.shared.transport.jersey.AbstractJerseyEurekaHttpClient.getDelta(AbstractJerseyEurekaHttpClient.java:170)
	at com.netflix.discovery.shared.transport.decorator.EurekaHttpClientDecorator$7.execute(EurekaHttpClientDecorator.java:152)
	at com.netflix.discovery.shared.transport.decorator.MetricsCollectingEurekaHttpClient.execute(MetricsCollectingEurekaHttpClient.java:73)
	at com.netflix.discovery.shared.transport.decorator.EurekaHttpClientDecorator.getDelta(EurekaHttpClientDecorator.java:149)
	at com.netflix.discovery.shared.transport.decorator.EurekaHttpClientDecorator$7.execute(EurekaHttpClientDecorator.java:152)
	at com.netflix.discovery.shared.transport.decorator.RedirectingEurekaHttpClient.execute(RedirectingEurekaHttpClient.java:89)
	at com.netflix.discovery.shared.transport.decorator.EurekaHttpClientDecorator.getDelta(EurekaHttpClientDecorator.java:149)
	at com.netflix.discovery.shared.transport.decorator.EurekaHttpClientDecorator$7.execute(EurekaHttpClientDecorator.java:152)
	at com.netflix.discovery.shared.transport.decorator.RetryableEurekaHttpClient.execute(RetryableEurekaHttpClient.java:119)
	at com.netflix.discovery.shared.transport.decorator.EurekaHttpClientDecorator.getDelta(EurekaHttpClientDecorator.java:149)
	at com.netflix.discovery.shared.transport.decorator.EurekaHttpClientDecorator$7.execute(EurekaHttpClientDecorator.java:152)
	at com.netflix.discovery.shared.transport.decorator.SessionedEurekaHttpClient.execute(SessionedEurekaHttpClient.java:77)
	at com.netflix.discovery.shared.transport.decorator.EurekaHttpClientDecorator.getDelta(EurekaHttpClientDecorator.java:149)
	at com.netflix.discovery.DiscoveryClient.getAndUpdateDelta(DiscoveryClient.java:1047)
	at com.netflix.discovery.DiscoveryClient.fetchRegistry(DiscoveryClient.java:929)
	at com.netflix.discovery.DiscoveryClient.refreshRegistry(DiscoveryClient.java:1451)
	at com.netflix.discovery.DiscoveryClient$CacheRefreshThread.run(DiscoveryClient.java:1418)
	at java.util.concurrent.Executors$RunnableAdapter.call(Unknown Source)
	at java.util.concurrent.FutureTask.run(Unknown Source)
	at java.util.concurrent.ThreadPoolExecutor.runWorker(Unknown Source)
	at java.util.concurrent.ThreadPoolExecutor$Worker.run(Unknown Source)
	at java.lang.Thread.run(Unknown Source)
Caused by: java.net.ConnectException: Connection refused: connect
	at java.net.DualStackPlainSocketImpl.waitForConnect(Native Method)
	at java.net.DualStackPlainSocketImpl.socketConnect(Unknown Source)
	at java.net.AbstractPlainSocketImpl.doConnect(Unknown Source)
	at java.net.AbstractPlainSocketImpl.connectToAddress(Unknown Source)
	at java.net.AbstractPlainSocketImpl.connect(Unknown Source)
	at java.net.PlainSocketImpl.connect(Unknown Source)
	at java.net.SocksSocketImpl.connect(Unknown Source)
	at java.net.Socket.connect(Unknown Source)
	at org.apache.http.conn.scheme.PlainSocketFactory.connectSocket(PlainSocketFactory.java:121)
	at org.apache.http.impl.conn.DefaultClientConnectionOperator.openConnection(DefaultClientConnectionOperator.java:180)
	at org.apache.http.impl.conn.AbstractPoolEntry.open(AbstractPoolEntry.java:144)
	at org.apache.http.impl.conn.AbstractPooledConnAdapter.open(AbstractPooledConnAdapter.java:134)
	at org.apache.http.impl.client.DefaultRequestDirector.tryConnect(DefaultRequestDirector.java:610)
	at org.apache.http.impl.client.DefaultRequestDirector.execute(DefaultRequestDirector.java:445)
	at org.apache.http.impl.client.AbstractHttpClient.doExecute(AbstractHttpClient.java:835)
	at org.apache.http.impl.client.CloseableHttpClient.execute(CloseableHttpClient.java:118)
	at org.apache.http.impl.client.CloseableHttpClient.execute(CloseableHttpClient.java:56)
	at com.sun.jersey.client.apache4.ApacheHttpClient4Handler.handle(ApacheHttpClient4Handler.java:173)
	... 29 common frames omitted
[ ERROR] [2019-04-23 17:06:46] com.netflix.discovery.shared.transport.decorator.RedirectingEurekaHttpClient [91] - Request execution error
com.sun.jersey.api.client.ClientHandlerException: java.net.ConnectException: Connection refused: connect
	at com.sun.jersey.client.apache4.ApacheHttpClient4Handler.handle(ApacheHttpClient4Handler.java:187)
	at com.sun.jersey.api.client.filter.GZIPContentEncodingFilter.handle(GZIPContentEncodingFilter.java:123)
	at com.netflix.discovery.EurekaIdentityHeaderFilter.handle(EurekaIdentityHeaderFilter.java:27)
	at com.sun.jersey.api.client.Client.handle(Client.java:652)
	at com.sun.jersey.api.client.WebResource.handle(WebResource.java:682)
	at com.sun.jersey.api.client.WebResource.access$200(WebResource.java:74)
	at com.sun.jersey.api.client.WebResource$Builder.put(WebResource.java:529)
	at com.netflix.discovery.shared.transport.jersey.AbstractJerseyEurekaHttpClient.sendHeartBeat(AbstractJerseyEurekaHttpClient.java:102)
	at com.netflix.discovery.shared.transport.decorator.EurekaHttpClientDecorator$3.execute(EurekaHttpClientDecorator.java:92)
	at com.netflix.discovery.shared.transport.decorator.MetricsCollectingEurekaHttpClient.execute(MetricsCollectingEurekaHttpClient.java:73)
	at com.netflix.discovery.shared.transport.decorator.EurekaHttpClientDecorator.sendHeartBeat(EurekaHttpClientDecorator.java:89)
	at com.netflix.discovery.shared.transport.decorator.EurekaHttpClientDecorator$3.execute(EurekaHttpClientDecorator.java:92)
	at com.netflix.discovery.shared.transport.decorator.RedirectingEurekaHttpClient.execute(RedirectingEurekaHttpClient.java:89)
	at com.netflix.discovery.shared.transport.decorator.EurekaHttpClientDecorator.sendHeartBeat(EurekaHttpClientDecorator.java:89)
	at com.netflix.discovery.shared.transport.decorator.EurekaHttpClientDecorator$3.execute(EurekaHttpClientDecorator.java:92)
	at com.netflix.discovery.shared.transport.decorator.RetryableEurekaHttpClient.execute(RetryableEurekaHttpClient.java:119)
	at com.netflix.discovery.shared.transport.decorator.EurekaHttpClientDecorator.sendHeartBeat(EurekaHttpClientDecorator.java:89)
	at com.netflix.discovery.shared.transport.decorator.EurekaHttpClientDecorator$3.execute(EurekaHttpClientDecorator.java:92)
	at com.netflix.discovery.shared.transport.decorator.SessionedEurekaHttpClient.execute(SessionedEurekaHttpClient.java:77)
	at com.netflix.discovery.shared.transport.decorator.EurekaHttpClientDecorator.sendHeartBeat(EurekaHttpClientDecorator.java:89)
	at com.netflix.discovery.DiscoveryClient.renew(DiscoveryClient.java:815)
	at com.netflix.discovery.DiscoveryClient$HeartbeatThread.run(DiscoveryClient.java:1379)
	at java.util.concurrent.Executors$RunnableAdapter.call(Unknown Source)
	at java.util.concurrent.FutureTask.run(Unknown Source)
	at java.util.concurrent.ThreadPoolExecutor.runWorker(Unknown Source)
	at java.util.concurrent.ThreadPoolExecutor$Worker.run(Unknown Source)
	at java.lang.Thread.run(Unknown Source)
Caused by: java.net.ConnectException: Connection refused: connect
	at java.net.DualStackPlainSocketImpl.waitForConnect(Native Method)
	at java.net.DualStackPlainSocketImpl.socketConnect(Unknown Source)
	at java.net.AbstractPlainSocketImpl.doConnect(Unknown Source)
	at java.net.AbstractPlainSocketImpl.connectToAddress(Unknown Source)
	at java.net.AbstractPlainSocketImpl.connect(Unknown Source)
	at java.net.PlainSocketImpl.connect(Unknown Source)
	at java.net.SocksSocketImpl.connect(Unknown Source)
	at java.net.Socket.connect(Unknown Source)
	at org.apache.http.conn.scheme.PlainSocketFactory.connectSocket(PlainSocketFactory.java:121)
	at org.apache.http.impl.conn.DefaultClientConnectionOperator.openConnection(DefaultClientConnectionOperator.java:180)
	at org.apache.http.impl.conn.AbstractPoolEntry.open(AbstractPoolEntry.java:144)
	at org.apache.http.impl.conn.AbstractPooledConnAdapter.open(AbstractPooledConnAdapter.java:134)
	at org.apache.http.impl.client.DefaultRequestDirector.tryConnect(DefaultRequestDirector.java:610)
	at org.apache.http.impl.client.DefaultRequestDirector.execute(DefaultRequestDirector.java:445)
	at org.apache.http.impl.client.AbstractHttpClient.doExecute(AbstractHttpClient.java:835)
	at org.apache.http.impl.client.CloseableHttpClient.execute(CloseableHttpClient.java:118)
	at org.apache.http.impl.client.CloseableHttpClient.execute(CloseableHttpClient.java:56)
	at com.sun.jersey.client.apache4.ApacheHttpClient4Handler.handle(ApacheHttpClient4Handler.java:173)
	... 26 common frames omitted
[ WARN ] [2019-04-23 17:06:46] com.netflix.discovery.shared.transport.decorator.RetryableEurekaHttpClient [129] - Request execution failed with message: java.net.ConnectException: Connection refused: connect
[ WARN ] [2019-04-23 17:06:46] com.netflix.discovery.shared.transport.decorator.RetryableEurekaHttpClient [129] - Request execution failed with message: java.net.ConnectException: Connection refused: connect
